  [1m[35m (4.0ms)[0m  [1m[35mCREATE DATABASE "pets_marketplace_development" ENCODING = 'unicode'[0m
  [1m[35m (0.4ms)[0m  [1m[35mCREATE DATABASE "pets_marketplace_test" ENCODING = 'unicode'[0m
  [1m[36mActiveRecord::SchemaMigration Pluck (1.1ms)[0m  [1m[34mSELECT "schema_migrations"."version" FROM "schema_migrations" ORDER BY "schema_migrations"."version" ASC[0m
  [1m[36mActiveRecord::InternalMetadata Pluck (0.8ms)[0m  [1m[34mSELECT "ar_internal_metadata"."value" FROM "ar_internal_metadata" WHERE "ar_internal_metadata"."key" = $1 LIMIT $2[0m  [["key", "environment"], ["LIMIT", 1]]
  [1m[36mActiveRecord::SchemaMigration Pluck (0.3ms)[0m  [1m[34mSELECT "schema_migrations"."version" FROM "schema_migrations" ORDER BY "schema_migrations"."version" ASC[0m
  [1m[36mActiveRecord::InternalMetadata Pluck (0.3ms)[0m  [1m[34mSELECT "ar_internal_metadata"."value" FROM "ar_internal_metadata" WHERE "ar_internal_metadata"."key" = $1 LIMIT $2[0m  [["key", "environment"], ["LIMIT", 1]]
  [1m[36mActiveRecord::SchemaMigration Pluck (0.2ms)[0m  [1m[34mSELECT "schema_migrations"."version" FROM "schema_migrations" ORDER BY "schema_migrations"."version" ASC[0m
  [1m[36mActiveRecord::InternalMetadata Pluck (0.6ms)[0m  [1m[34mSELECT "ar_internal_metadata"."value" FROM "ar_internal_metadata" WHERE "ar_internal_metadata"."key" = $1 LIMIT $2[0m  [["key", "environment"], ["LIMIT", 1]]
  [1m[35m (62.4ms)[0m  [1m[35mDROP TABLE IF EXISTS "active_storage_attachments" CASCADE[0m
  [1m[35m (92.3ms)[0m  [1m[35mCREATE TABLE "active_storage_attachments" ("id" bigserial primary key, "name" character varying NOT NULL, "record_type" character varying NOT NULL, "record_id" bigint NOT NULL, "blob_id" bigint NOT NULL, "created_at" timestamp(6) NOT NULL)[0m
  [1m[35m (27.6ms)[0m  [1m[35mCREATE INDEX "index_active_storage_attachments_on_blob_id" ON "active_storage_attachments" ("blob_id")[0m
  [1m[35m (18.4ms)[0m  [1m[35mCREATE UNIQUE INDEX "index_active_storage_attachments_uniqueness" ON "active_storage_attachments" ("record_type", "record_id", "name", "blob_id")[0m
  [1m[35m (20.7ms)[0m  [1m[35mDROP TABLE IF EXISTS "active_storage_blobs" CASCADE[0m
  [1m[35m (48.1ms)[0m  [1m[35mCREATE TABLE "active_storage_blobs" ("id" bigserial primary key, "key" character varying NOT NULL, "filename" character varying NOT NULL, "content_type" character varying, "metadata" text, "service_name" character varying NOT NULL, "byte_size" bigint NOT NULL, "checksum" character varying, "created_at" timestamp(6) NOT NULL)[0m
  [1m[35m (25.0ms)[0m  [1m[35mCREATE UNIQUE INDEX "index_active_storage_blobs_on_key" ON "active_storage_blobs" ("key")[0m
  [1m[35m (8.3ms)[0m  [1m[35mDROP TABLE IF EXISTS "active_storage_variant_records" CASCADE[0m
  [1m[35m (50.4ms)[0m  [1m[35mCREATE TABLE "active_storage_variant_records" ("id" bigserial primary key, "blob_id" bigint NOT NULL, "variation_digest" character varying NOT NULL)[0m
  [1m[35m (17.8ms)[0m  [1m[35mCREATE UNIQUE INDEX "index_active_storage_variant_records_uniqueness" ON "active_storage_variant_records" ("blob_id", "variation_digest")[0m
  [1m[35m (17.8ms)[0m  [1m[35mDROP TABLE IF EXISTS "ad_reviews" CASCADE[0m
  [1m[35m (46.5ms)[0m  [1m[35mCREATE TABLE "ad_reviews" ("id" bigserial primary key, "user_id" integer NOT NULL, "ad_id" integer NOT NULL, "rating" integer, "comment" character varying, "created_at" timestamp(6) NOT NULL, "updated_at" timestamp(6) NOT NULL)[0m
  [1m[35m (16.7ms)[0m  [1m[35mCREATE INDEX "index_ad_reviews_on_ad_id" ON "ad_reviews" ("ad_id")[0m
  [1m[35m (18.6ms)[0m  [1m[35mCREATE INDEX "index_ad_reviews_on_user_id" ON "ad_reviews" ("user_id")[0m
  [1m[35m (17.9ms)[0m  [1m[35mDROP TABLE IF EXISTS "ads" CASCADE[0m
  [1m[35m (47.7ms)[0m  [1m[35mCREATE TABLE "ads" ("id" bigserial primary key, "name" character varying, "gender" integer DEFAULT 0, "breed" character varying, "pet_type" character varying NOT NULL, "price" float NOT NULL, "description" text, "age" integer, "country" character varying, "city" character varying, "zipcode" character varying, "email" character varying, "phone_number" character varying, "user_id" integer NOT NULL, "created_at" timestamp(6) NOT NULL, "updated_at" timestamp(6) NOT NULL, "ad_type" character varying, "ad_price" integer DEFAULT 0, "status" integer DEFAULT 0)[0m
  [1m[35m (16.1ms)[0m  [1m[35mCREATE INDEX "index_ads_on_user_id" ON "ads" ("user_id")[0m
  [1m[35m (17.3ms)[0m  [1m[35mDROP TABLE IF EXISTS "favourite_ads" CASCADE[0m
  [1m[35m (25.9ms)[0m  [1m[35mCREATE TABLE "favourite_ads" ("id" bigserial primary key, "user_id" integer NOT NULL, "ad_id" integer NOT NULL, "created_at" timestamp(6) NOT NULL, "updated_at" timestamp(6) NOT NULL)[0m
  [1m[35m (11.3ms)[0m  [1m[35mCREATE INDEX "index_favourite_ads_on_ad_id" ON "favourite_ads" ("ad_id")[0m
  [1m[35m (11.5ms)[0m  [1m[35mCREATE INDEX "index_favourite_ads_on_user_id" ON "favourite_ads" ("user_id")[0m
  [1m[35m (6.9ms)[0m  [1m[35mDROP TABLE IF EXISTS "messages" CASCADE[0m
  [1m[35m (20.5ms)[0m  [1m[35mCREATE TABLE "messages" ("id" bigserial primary key, "body" text, "user_id" integer, "created_at" timestamp(6) NOT NULL, "updated_at" timestamp(6) NOT NULL)[0m
  [1m[35m (6.5ms)[0m  [1m[35mDROP TABLE IF EXISTS "products" CASCADE[0m
  [1m[35m (21.8ms)[0m  [1m[35mCREATE TABLE "products" ("id" bigserial primary key, "category" character varying, "price_key" character varying, "created_at" timestamp(6) NOT NULL, "updated_at" timestamp(6) NOT NULL)[0m
  [1m[35m (6.8ms)[0m  [1m[35mDROP TABLE IF EXISTS "profiles" CASCADE[0m
  [1m[35m (25.9ms)[0m  [1m[35mCREATE TABLE "profiles" ("id" bigserial primary key, "first_name" character varying, "last_name" character varying, "bio" text, "account_type" integer, "language" character varying, "location" character varying, "facebook_url" character varying, "twitter_url" character varying, "linkedin_url" character varying, "whatsapp_url" character varying, "user_id" integer NOT NULL, "created_at" timestamp(6) NOT NULL, "updated_at" timestamp(6) NOT NULL, "profile_image" character varying, "phone_number" character varying)[0m
  [1m[35m (11.5ms)[0m  [1m[35mCREATE INDEX "index_profiles_on_user_id" ON "profiles" ("user_id")[0m
  [1m[35m (7.4ms)[0m  [1m[35mDROP TABLE IF EXISTS "users" CASCADE[0m
  [1m[35m (24.6ms)[0m  [1m[35mCREATE TABLE "users" ("id" bigserial primary key, "email" character varying DEFAULT '' NOT NULL, "encrypted_password" character varying DEFAULT '' NOT NULL, "reset_password_token" character varying, "reset_password_sent_at" timestamp(6), "remember_created_at" timestamp(6), "created_at" timestamp(6) NOT NULL, "updated_at" timestamp(6) NOT NULL, "jti" character varying, "password_token_valid" boolean DEFAULT FALSE, "is_active" boolean DEFAULT FALSE, "activation_token" character varying, "activation_token_expires_at" timestamp(6), "confirmation_token" character varying, "confirmed_at" timestamp(6), "confirmation_sent_at" timestamp(6), "unconfirmed_email" character varying, "user_name" character varying)[0m
  [1m[35m (11.5ms)[0m  [1m[35mCREATE UNIQUE INDEX "index_users_on_email" ON "users" ("email")[0m
  [1m[35m (11.4ms)[0m  [1m[35mCREATE INDEX "index_users_on_jti" ON "users" ("jti")[0m
  [1m[35m (11.3ms)[0m  [1m[35mCREATE UNIQUE INDEX "index_users_on_reset_password_token" ON "users" ("reset_password_token")[0m
  [1m[35m (8.6ms)[0m  [1m[35mALTER TABLE "active_storage_attachments" ADD CONSTRAINT "fk_rails_c3b3935057"
FOREIGN KEY ("blob_id")
  REFERENCES "active_storage_blobs" ("id")
[0m
  [1m[35m (14.1ms)[0m  [1m[35mALTER TABLE "active_storage_variant_records" ADD CONSTRAINT "fk_rails_993965df05"
FOREIGN KEY ("blob_id")
  REFERENCES "active_storage_blobs" ("id")
[0m
  [1m[35m (8.3ms)[0m  [1m[35mALTER TABLE "ad_reviews" ADD CONSTRAINT "fk_rails_836983b0ac"
FOREIGN KEY ("ad_id")
  REFERENCES "ads" ("id")
[0m
  [1m[35m (7.1ms)[0m  [1m[35mALTER TABLE "ad_reviews" ADD CONSTRAINT "fk_rails_c863f99c5c"
FOREIGN KEY ("user_id")
  REFERENCES "users" ("id")
[0m
  [1m[35m (5.9ms)[0m  [1m[35mALTER TABLE "ads" ADD CONSTRAINT "fk_rails_400d8fa7ce"
FOREIGN KEY ("user_id")
  REFERENCES "users" ("id")
[0m
  [1m[35m (6.6ms)[0m  [1m[35mALTER TABLE "favourite_ads" ADD CONSTRAINT "fk_rails_fca7a8fddc"
FOREIGN KEY ("ad_id")
  REFERENCES "ads" ("id")
[0m
  [1m[35m (5.4ms)[0m  [1m[35mALTER TABLE "favourite_ads" ADD CONSTRAINT "fk_rails_68560da224"
FOREIGN KEY ("user_id")
  REFERENCES "users" ("id")
[0m
  [1m[35m (7.2ms)[0m  [1m[35mALTER TABLE "profiles" ADD CONSTRAINT "fk_rails_e424190865"
FOREIGN KEY ("user_id")
  REFERENCES "users" ("id")
[0m
  [1m[36mActiveRecord::SchemaMigration Pluck (4.2ms)[0m  [1m[34mSELECT "schema_migrations"."version" FROM "schema_migrations" ORDER BY "schema_migrations"."version" ASC[0m
  [1m[36mActiveRecord::InternalMetadata Load (0.7ms)[0m  [1m[34mSELECT "ar_internal_metadata".* FROM "ar_internal_metadata" WHERE "ar_internal_metadata"."key" = $1 LIMIT $2[0m  [["key", "environment"], ["LIMIT", 1]]
  [1m[36mActiveRecord::InternalMetadata Load (0.5ms)[0m  [1m[34mSELECT "ar_internal_metadata".* FROM "ar_internal_metadata" WHERE "ar_internal_metadata"."key" = $1 LIMIT $2[0m  [["key", "environment"], ["LIMIT", 1]]
  [1m[36mActiveRecord::InternalMetadata Load (1.3ms)[0m  [1m[34mSELECT "ar_internal_metadata".* FROM "ar_internal_metadata" WHERE "ar_internal_metadata"."key" = $1 LIMIT $2[0m  [["key", "schema_sha1"], ["LIMIT", 1]]
  [1m[35m (18.2ms)[0m  [1m[35mDROP TABLE IF EXISTS "active_storage_attachments" CASCADE[0m
  [1m[35m (27.8ms)[0m  [1m[35mCREATE TABLE "active_storage_attachments" ("id" bigserial primary key, "name" character varying NOT NULL, "record_type" character varying NOT NULL, "record_id" bigint NOT NULL, "blob_id" bigint NOT NULL, "created_at" timestamp(6) NOT NULL)[0m
  [1m[35m (11.3ms)[0m  [1m[35mCREATE INDEX "index_active_storage_attachments_on_blob_id" ON "active_storage_attachments" ("blob_id")[0m
  [1m[35m (11.5ms)[0m  [1m[35mCREATE UNIQUE INDEX "index_active_storage_attachments_uniqueness" ON "active_storage_attachments" ("record_type", "record_id", "name", "blob_id")[0m
  [1m[35m (8.5ms)[0m  [1m[35mDROP TABLE IF EXISTS "active_storage_blobs" CASCADE[0m
  [1m[35m (22.0ms)[0m  [1m[35mCREATE TABLE "active_storage_blobs" ("id" bigserial primary key, "key" character varying NOT NULL, "filename" character varying NOT NULL, "content_type" character varying, "metadata" text, "service_name" character varying NOT NULL, "byte_size" bigint NOT NULL, "checksum" character varying, "created_at" timestamp(6) NOT NULL)[0m
  [1m[35m (11.1ms)[0m  [1m[35mCREATE UNIQUE INDEX "index_active_storage_blobs_on_key" ON "active_storage_blobs" ("key")[0m
  [1m[35m (5.8ms)[0m  [1m[35mDROP TABLE IF EXISTS "active_storage_variant_records" CASCADE[0m
  [1m[35m (26.0ms)[0m  [1m[35mCREATE TABLE "active_storage_variant_records" ("id" bigserial primary key, "blob_id" bigint NOT NULL, "variation_digest" character varying NOT NULL)[0m
  [1m[35m (11.6ms)[0m  [1m[35mCREATE UNIQUE INDEX "index_active_storage_variant_records_uniqueness" ON "active_storage_variant_records" ("blob_id", "variation_digest")[0m
  [1m[35m (7.8ms)[0m  [1m[35mDROP TABLE IF EXISTS "ad_reviews" CASCADE[0m
  [1m[35m (22.3ms)[0m  [1m[35mCREATE TABLE "ad_reviews" ("id" bigserial primary key, "user_id" integer NOT NULL, "ad_id" integer NOT NULL, "rating" integer, "comment" character varying, "created_at" timestamp(6) NOT NULL, "updated_at" timestamp(6) NOT NULL)[0m
  [1m[35m (11.2ms)[0m  [1m[35mCREATE INDEX "index_ad_reviews_on_ad_id" ON "ad_reviews" ("ad_id")[0m
  [1m[35m (11.2ms)[0m  [1m[35mCREATE INDEX "index_ad_reviews_on_user_id" ON "ad_reviews" ("user_id")[0m
  [1m[35m (7.8ms)[0m  [1m[35mDROP TABLE IF EXISTS "ads" CASCADE[0m
  [1m[35m (22.8ms)[0m  [1m[35mCREATE TABLE "ads" ("id" bigserial primary key, "name" character varying, "gender" integer DEFAULT 0, "breed" character varying, "pet_type" character varying NOT NULL, "price" float NOT NULL, "description" text, "age" integer, "country" character varying, "city" character varying, "zipcode" character varying, "email" character varying, "phone_number" character varying, "user_id" integer NOT NULL, "created_at" timestamp(6) NOT NULL, "updated_at" timestamp(6) NOT NULL, "ad_type" character varying, "ad_price" integer DEFAULT 0, "status" integer DEFAULT 0)[0m
  [1m[35m (10.9ms)[0m  [1m[35mCREATE INDEX "index_ads_on_user_id" ON "ads" ("user_id")[0m
  [1m[35m (5.8ms)[0m  [1m[35mDROP TABLE IF EXISTS "favourite_ads" CASCADE[0m
  [1m[35m (13.1ms)[0m  [1m[35mCREATE TABLE "favourite_ads" ("id" bigserial primary key, "user_id" integer NOT NULL, "ad_id" integer NOT NULL, "created_at" timestamp(6) NOT NULL, "updated_at" timestamp(6) NOT NULL)[0m
  [1m[35m (11.7ms)[0m  [1m[35mCREATE INDEX "index_favourite_ads_on_ad_id" ON "favourite_ads" ("ad_id")[0m
  [1m[35m (11.4ms)[0m  [1m[35mCREATE INDEX "index_favourite_ads_on_user_id" ON "favourite_ads" ("user_id")[0m
  [1m[35m (7.2ms)[0m  [1m[35mDROP TABLE IF EXISTS "messages" CASCADE[0m
  [1m[35m (20.5ms)[0m  [1m[35mCREATE TABLE "messages" ("id" bigserial primary key, "body" text, "user_id" integer, "created_at" timestamp(6) NOT NULL, "updated_at" timestamp(6) NOT NULL)[0m
  [1m[35m (6.7ms)[0m  [1m[35mDROP TABLE IF EXISTS "products" CASCADE[0m
  [1m[35m (20.7ms)[0m  [1m[35mCREATE TABLE "products" ("id" bigserial primary key, "category" character varying, "price_key" character varying, "created_at" timestamp(6) NOT NULL, "updated_at" timestamp(6) NOT NULL)[0m
  [1m[35m (6.0ms)[0m  [1m[35mDROP TABLE IF EXISTS "profiles" CASCADE[0m
  [1m[35m (22.5ms)[0m  [1m[35mCREATE TABLE "profiles" ("id" bigserial primary key, "first_name" character varying, "last_name" character varying, "bio" text, "account_type" integer, "language" character varying, "location" character varying, "facebook_url" character varying, "twitter_url" character varying, "linkedin_url" character varying, "whatsapp_url" character varying, "user_id" integer NOT NULL, "created_at" timestamp(6) NOT NULL, "updated_at" timestamp(6) NOT NULL, "profile_image" character varying, "phone_number" character varying)[0m
  [1m[35m (11.2ms)[0m  [1m[35mCREATE INDEX "index_profiles_on_user_id" ON "profiles" ("user_id")[0m
  [1m[35m (7.2ms)[0m  [1m[35mDROP TABLE IF EXISTS "users" CASCADE[0m
  [1m[35m (26.7ms)[0m  [1m[35mCREATE TABLE "users" ("id" bigserial primary key, "email" character varying DEFAULT '' NOT NULL, "encrypted_password" character varying DEFAULT '' NOT NULL, "reset_password_token" character varying, "reset_password_sent_at" timestamp(6), "remember_created_at" timestamp(6), "created_at" timestamp(6) NOT NULL, "updated_at" timestamp(6) NOT NULL, "jti" character varying, "password_token_valid" boolean DEFAULT FALSE, "is_active" boolean DEFAULT FALSE, "activation_token" character varying, "activation_token_expires_at" timestamp(6), "confirmation_token" character varying, "confirmed_at" timestamp(6), "confirmation_sent_at" timestamp(6), "unconfirmed_email" character varying, "user_name" character varying)[0m
  [1m[35m (12.2ms)[0m  [1m[35mCREATE UNIQUE INDEX "index_users_on_email" ON "users" ("email")[0m
  [1m[35m (11.2ms)[0m  [1m[35mCREATE INDEX "index_users_on_jti" ON "users" ("jti")[0m
  [1m[35m (12.7ms)[0m  [1m[35mCREATE UNIQUE INDEX "index_users_on_reset_password_token" ON "users" ("reset_password_token")[0m
  [1m[35m (7.7ms)[0m  [1m[35mALTER TABLE "active_storage_attachments" ADD CONSTRAINT "fk_rails_c3b3935057"
FOREIGN KEY ("blob_id")
  REFERENCES "active_storage_blobs" ("id")
[0m
  [1m[35m (6.2ms)[0m  [1m[35mALTER TABLE "active_storage_variant_records" ADD CONSTRAINT "fk_rails_993965df05"
FOREIGN KEY ("blob_id")
  REFERENCES "active_storage_blobs" ("id")
[0m
  [1m[35m (6.3ms)[0m  [1m[35mALTER TABLE "ad_reviews" ADD CONSTRAINT "fk_rails_836983b0ac"
FOREIGN KEY ("ad_id")
  REFERENCES "ads" ("id")
[0m
  [1m[35m (5.8ms)[0m  [1m[35mALTER TABLE "ad_reviews" ADD CONSTRAINT "fk_rails_c863f99c5c"
FOREIGN KEY ("user_id")
  REFERENCES "users" ("id")
[0m
  [1m[35m (6.4ms)[0m  [1m[35mALTER TABLE "ads" ADD CONSTRAINT "fk_rails_400d8fa7ce"
FOREIGN KEY ("user_id")
  REFERENCES "users" ("id")
[0m
  [1m[35m (5.2ms)[0m  [1m[35mALTER TABLE "favourite_ads" ADD CONSTRAINT "fk_rails_fca7a8fddc"
FOREIGN KEY ("ad_id")
  REFERENCES "ads" ("id")
[0m
  [1m[35m (6.6ms)[0m  [1m[35mALTER TABLE "favourite_ads" ADD CONSTRAINT "fk_rails_68560da224"
FOREIGN KEY ("user_id")
  REFERENCES "users" ("id")
[0m
  [1m[35m (6.4ms)[0m  [1m[35mALTER TABLE "profiles" ADD CONSTRAINT "fk_rails_e424190865"
FOREIGN KEY ("user_id")
  REFERENCES "users" ("id")
[0m
  [1m[36mActiveRecord::SchemaMigration Pluck (0.7ms)[0m  [1m[34mSELECT "schema_migrations"."version" FROM "schema_migrations" ORDER BY "schema_migrations"."version" ASC[0m
  [1m[36mActiveRecord::InternalMetadata Load (0.4ms)[0m  [1m[34mSELECT "ar_internal_metadata".* FROM "ar_internal_metadata" WHERE "ar_internal_metadata"."key" = $1 LIMIT $2[0m  [["key", "environment"], ["LIMIT", 1]]
  [1m[36mTRANSACTION (0.2ms)[0m  [1m[35mBEGIN[0m
  [1m[36mActiveRecord::InternalMetadata Update (0.4ms)[0m  [1m[33mUPDATE "ar_internal_metadata" SET "value" = $1, "updated_at" = $2 WHERE "ar_internal_metadata"."key" = $3[0m  [["value", "development"], ["updated_at", "2023-10-28 12:48:40.340223"], ["key", "environment"]]
  [1m[36mTRANSACTION (4.1ms)[0m  [1m[35mCOMMIT[0m
  [1m[36mActiveRecord::InternalMetadata Load (0.3ms)[0m  [1m[34mSELECT "ar_internal_metadata".* FROM "ar_internal_metadata" WHERE "ar_internal_metadata"."key" = $1 LIMIT $2[0m  [["key", "environment"], ["LIMIT", 1]]
  [1m[36mTRANSACTION (0.2ms)[0m  [1m[35mBEGIN[0m
  [1m[36mActiveRecord::InternalMetadata Update (0.6ms)[0m  [1m[33mUPDATE "ar_internal_metadata" SET "value" = $1, "updated_at" = $2 WHERE "ar_internal_metadata"."key" = $3[0m  [["value", "test"], ["updated_at", "2023-10-28 12:48:40.353307"], ["key", "environment"]]
  [1m[36mTRANSACTION (4.0ms)[0m  [1m[35mCOMMIT[0m
  [1m[36mActiveRecord::InternalMetadata Load (0.4ms)[0m  [1m[34mSELECT "ar_internal_metadata".* FROM "ar_internal_metadata" WHERE "ar_internal_metadata"."key" = $1 LIMIT $2[0m  [["key", "schema_sha1"], ["LIMIT", 1]]
  [1m[36mActiveRecord::SchemaMigration Pluck (0.5ms)[0m  [1m[34mSELECT "schema_migrations"."version" FROM "schema_migrations" ORDER BY "schema_migrations"."version" ASC[0m
  [1m[36mTRANSACTION (0.1ms)[0m  [1m[35mBEGIN[0m
  [1m[36mProduct Create (0.5ms)[0m  [1m[32mINSERT INTO "products" ("category", "price_key", "created_at", "updated_at") VALUES ($1, $2, $3, $4) RETURNING "id"[0m  [["category", "Adoption"], ["price_key", "[FILTERED]"], ["created_at", "2023-10-28 12:48:40.441365"], ["updated_at", "2023-10-28 12:48:40.441365"]]
  [1m[36mTRANSACTION (4.0ms)[0m  [1m[35mCOMMIT[0m
  [1m[36mTRANSACTION (0.1ms)[0m  [1m[35mBEGIN[0m
  [1m[36mProduct Create (0.3ms)[0m  [1m[32mINSERT INTO "products" ("category", "price_key", "created_at", "updated_at") VALUES ($1, $2, $3, $4) RETURNING "id"[0m  [["category", "Sell"], ["price_key", "[FILTERED]"], ["created_at", "2023-10-28 12:48:40.449652"], ["updated_at", "2023-10-28 12:48:40.449652"]]
  [1m[36mTRANSACTION (3.9ms)[0m  [1m[35mCOMMIT[0m
  [1m[36mTRANSACTION (0.1ms)[0m  [1m[35mBEGIN[0m
  [1m[36mProduct Create (0.2ms)[0m  [1m[32mINSERT INTO "products" ("category", "price_key", "created_at", "updated_at") VALUES ($1, $2, $3, $4) RETURNING "id"[0m  [["category", "Mating"], ["price_key", "[FILTERED]"], ["created_at", "2023-10-28 12:48:40.457338"], ["updated_at", "2023-10-28 12:48:40.457338"]]
  [1m[36mTRANSACTION (3.9ms)[0m  [1m[35mCOMMIT[0m
  [1m[36mTRANSACTION (0.1ms)[0m  [1m[35mBEGIN[0m
  [1m[36mProduct Create (0.9ms)[0m  [1m[32mINSERT INTO "products" ("category", "price_key", "created_at", "updated_at") VALUES ($1, $2, $3, $4) RETURNING "id"[0m  [["category", "Temporary adoption"], ["price_key", "[FILTERED]"], ["created_at", "2023-10-28 12:48:40.464865"], ["updated_at", "2023-10-28 12:48:40.464865"]]
  [1m[36mTRANSACTION (4.0ms)[0m  [1m[35mCOMMIT[0m
  [1m[36mTRANSACTION (0.2ms)[0m  [1m[35mBEGIN[0m
  [1m[36mProduct Create (0.3ms)[0m  [1m[32mINSERT INTO "products" ("category", "price_key", "created_at", "updated_at") VALUES ($1, $2, $3, $4) RETURNING "id"[0m  [["category", "Missing"], ["price_key", "[FILTERED]"], ["created_at", "2023-10-28 12:48:40.474813"], ["updated_at", "2023-10-28 12:48:40.474813"]]
  [1m[36mTRANSACTION (4.1ms)[0m  [1m[35mCOMMIT[0m
  [1m[36mTRANSACTION (0.1ms)[0m  [1m[35mBEGIN[0m
  [1m[36mProduct Create (0.3ms)[0m  [1m[32mINSERT INTO "products" ("category", "price_key", "created_at", "updated_at") VALUES ($1, $2, $3, $4) RETURNING "id"[0m  [["category", "Free rescue"], ["price_key", "[FILTERED]"], ["created_at", "2023-10-28 12:48:40.483949"], ["updated_at", "2023-10-28 12:48:40.483949"]]
  [1m[36mTRANSACTION (3.9ms)[0m  [1m[35mCOMMIT[0m
